
2019-04-30 13:52:38
写入 ../htdocs/packages/all.json

2019-04-30 13:52:39
匹配到 2 个母版页:
    ../htdocs/index.master.html
    ../htdocs/static.master.html
------------------------------------------------------------------------------
>> 开始编译 ../htdocs/index.master.html
混入 ../htdocs/modules/header/panel.html
混入 ../htdocs/modules/sidebar/panel.html
混入 ../htdocs/modules/main/Main/404/panel.html
混入 ../htdocs/modules/main/Main/loading/panel.html
混入 ../htdocs/modules/main/Main/header/panel.html
混入 ../htdocs/modules/main/Main/mark/panel.html
混入 ../htdocs/modules/main/Main/content/panel.html
混入 ../htdocs/modules/footer/panel.html
混入 ../htdocs/modules/main/panel.html
混入 ../htdocs/modules/outline/panel.html
混入 ../htdocs/modules/tools/panel.html
编译 ../htdocs/style/less/index.less
写入 ../htdocs/style/css/style.less.index.css
编译 ../htdocs/lib/markdoc/panel.less
写入 ../htdocs/style/css/lib.markdoc.panel.css
编译 ../htdocs/lib/outline/panel.less
写入 ../htdocs/style/css/lib.outline.panel.css
编译 ../htdocs/modules/footer/panel.less
写入 ../htdocs/style/css/modules.footer.panel.css
编译 ../htdocs/modules/header/panel.less
写入 ../htdocs/style/css/modules.header.panel.css
编译 ../htdocs/modules/main/Main/404/panel.less
写入 ../htdocs/style/css/modules.main.Main.404.panel.css
编译 ../htdocs/modules/main/Main/content/panel.less
写入 ../htdocs/style/css/modules.main.Main.content.panel.css
编译 ../htdocs/modules/main/Main/header/panel.less
写入 ../htdocs/style/css/modules.main.Main.header.panel.css
编译 ../htdocs/modules/main/Main/loading/panel.less
写入 ../htdocs/style/css/modules.main.Main.loading.panel.css
编译 ../htdocs/modules/main/Main/mark/panel.less
写入 ../htdocs/style/css/modules.main.Main.mark.panel.css
编译 ../htdocs/modules/main/panel.less
写入 ../htdocs/style/css/modules.main.panel.css
编译 ../htdocs/modules/outline/panel.less
写入 ../htdocs/style/css/modules.outline.panel.css
编译 ../htdocs/modules/sidebar/panel.less
写入 ../htdocs/style/css/modules.sidebar.panel.css
编译 ../htdocs/modules/tools/panel.less
写入 ../htdocs/style/css/modules.tools.panel.css
混入 ../htdocs/lib/markdoc/panel.html
混入 ../htdocs/lib/outline/panel.html
写入 ../htdocs/index.html
<< 完成编译 ../htdocs/index.master.html
------------------------------------------------------------------------------
>> 开始编译 ../htdocs/static.master.html
写入 ../htdocs/static.html
<< 完成编译 ../htdocs/static.master.html
准备开始监控，请稍候...

2019-04-30 13:52:41
=================================全部编译完成=================================
耗时 3796 ms
...ooooOOOOoooo...
>> watching...

2019-04-30 13:56:03
文件被修改 ../htdocs/static.master.html

2019-04-30 13:56:04
使用缓存 ../htdocs/index.master.html
------------------------------------------------------------------------------
>> 开始编译 ../htdocs/static.master.html
写入 ../htdocs/static.html
<< 完成编译 ../htdocs/static.master.html
>> watching...

2019-04-30 13:56:06
文件被修改 ../htdocs/static.master.html

2019-04-30 13:56:07
使用缓存 ../htdocs/index.master.html
------------------------------------------------------------------------------
>> 开始编译 ../htdocs/static.master.html
写入 ../htdocs/static.html
<< 完成编译 ../htdocs/static.master.html
>> watching...

2019-04-30 13:56:10
文件被修改 ../htdocs/static.master.html
使用缓存 ../htdocs/index.master.html
------------------------------------------------------------------------------
>> 开始编译 ../htdocs/static.master.html

2019-04-30 13:56:11
写入 ../htdocs/static.html
<< 完成编译 ../htdocs/static.master.html
>> watching...

2019-04-30 13:56:53
文件被修改 ../htdocs/static.master.html

2019-04-30 13:56:54
使用缓存 ../htdocs/index.master.html
------------------------------------------------------------------------------
>> 开始编译 ../htdocs/static.master.html
写入 ../htdocs/static.html
<< 完成编译 ../htdocs/static.master.html
>> watching...

2019-04-30 13:58:09
文件被修改 ../htdocs/static.master.html
使用缓存 ../htdocs/index.master.html
------------------------------------------------------------------------------
>> 开始编译 ../htdocs/static.master.html
写入 ../htdocs/static.html
<< 完成编译 ../htdocs/static.master.html
>> watching...
